{
  "stats": {
    "suites": 2,
    "tests": 7,
    "passes": 7,
    "pending": 0,
    "failures": 0,
    "start": "2025-12-19T12:07:22.697Z",
    "end": "2025-12-19T12:07:26.344Z",
    "duration": 3647,
    "testsRegistered": 0,
    "passPercent": null,
    "pendingPercent": null,
    "other": 0,
    "hasOther": false,
    "skipped": 0,
    "hasSkipped": false
  },
  "results": [
    false
  ],
  "meta": {
    "mocha": {
      "version": "11.7.5"
    },
    "mochawesome": {
      "options": {
        "quiet": false,
        "reportFilename": "",
        "saveHtml": true,
        "saveJson": true,
        "consoleReporter": "spec",
        "useInlineDiffs": false,
        "code": true
      },
      "version": "7.1.4"
    },
    "marge": {
      "options": {
        "reportDir": "report",
        "reportFilename": "",
        "reportTitle": "Regression Test Report - 19/12/2025, 19.07",
        "timestamp": "longDate",
        "quite": true,
        "html": true,
        "json": true
      },
      "version": "6.3.2"
    }
  }
}